<?xml version="1.0" encoding="UTF-8"?>
<testsuite xmlns:xsi="http://www.w3.org/2001/XMLSchema-instance" xsi:noNamespaceSchemaLocation="https://maven.apache.org/surefire/maven-surefire-plugin/xsd/surefire-test-report.xsd" name="com.springCloud.study.registerCenter.RegisterCenterApplicationTests" time="0.833" tests="1" errors="1" skipped="0" failures="0">
  <properties>
[...]
</properties>
  <testcase name="initializationError" classname="com.springCloud.study.registerCenter.RegisterCenterApplicationTests" time="0.017">
    <error message="Unable to find a @SpringBootConfiguration, you need to use @ContextConfiguration or @SpringBootTest(classes=...) with your test" type="java.lang.IllegalStateException">java.lang.IllegalStateException: Unable to find a @SpringBootConfiguration, you need to use @ContextConfiguration or @SpringBootTest(classes=...) with your test
</error>
    <system-out><![CDATA[18:59:41.299 [main] DEBUG org.springframework.test.context.junit4.SpringJUnit4ClassRunner - SpringJUnit4ClassRunner constructor called with [class com.springCloud.study.registerCenter.RegisterCenterApplicationTests]
18:59:41.307 [main] DEBUG org.springframework.test.context.BootstrapUtils - Instantiating CacheAwareContextLoaderDelegate from class [org.springframework.test.context.cache.DefaultCacheAwareContextLoaderDelegate]
18:59:41.318 [main] DEBUG org.springframework.test.context.BootstrapUtils - Instantiating BootstrapContext using constructor [public org.springframework.test.context.support.DefaultBootstrapContext(java.lang.Class,org.springframework.test.context.CacheAwareContextLoaderDelegate)]
18:59:41.358 [main] DEBUG org.springframework.test.context.BootstrapUtils - Instantiating TestContextBootstrapper for test class [com.springCloud.study.registerCenter.RegisterCenterApplicationTests] from class [org.springframework.boot.test.context.SpringBootTestContextBootstrapper]
18:59:41.379 [main] INFO org.springframework.boot.test.context.SpringBootTestContextBootstrapper - Neither @ContextConfiguration nor @ContextHierarchy found for test class [com.springCloud.study.registerCenter.RegisterCenterApplicationTests], using SpringBootContextLoader
18:59:41.392 [main] DEBUG org.springframework.test.context.support.AbstractContextLoader - Did not detect default resource location for test class [com.springCloud.study.registerCenter.RegisterCenterApplicationTests]: class path resource [com/springCloud/study/registerCenter/RegisterCenterApplicationTests-context.xml] does not exist
18:59:41.393 [main] DEBUG org.springframework.test.context.support.AbstractContextLoader - Did not detect default resource location for test class [com.springCloud.study.registerCenter.RegisterCenterApplicationTests]: class path resource [com/springCloud/study/registerCenter/RegisterCenterApplicationTestsContext.groovy] does not exist
18:59:41.394 [main] INFO org.springframework.test.context.support.AbstractContextLoader - Could not detect default resource locations for test class [com.springCloud.study.registerCenter.RegisterCenterApplicationTests]: no resource found for suffixes {-context.xml, Context.groovy}.
18:59:41.395 [main] INFO org.springframework.test.context.support.AnnotationConfigContextLoaderUtils - Could not detect default configuration classes for test class [com.springCloud.study.registerCenter.RegisterCenterApplicationTests]: RegisterCenterApplicationTests does not declare any static, non-private, non-final, nested classes annotated with @Configuration.
18:59:41.492 [main] DEBUG org.springframework.test.context.support.ActiveProfilesUtils - Could not find an 'annotation declaring class' for annotation type [org.springframework.test.context.ActiveProfiles] and class [com.springCloud.study.registerCenter.RegisterCenterApplicationTests]
18:59:41.506 [main] DEBUG org.springframework.core.env.StandardEnvironment - Adding PropertySource 'systemProperties' with lowest search precedence
18:59:41.507 [main] DEBUG org.springframework.core.env.StandardEnvironment - Adding PropertySource 'systemEnvironment' with lowest search precedence
18:59:41.508 [main] DEBUG org.springframework.core.env.StandardEnvironment - Initialized StandardEnvironment with PropertySources [MapPropertySource@306206744 {name='systemProperties', properties={java.runtime.name=Java(TM) SE Runtime Environment, sun.boot.library.path=/Library/Java/JavaVirtualMachines/jdk1.8.0_144.jdk/Contents/Home/jre/lib, java.vm.version=25.144-b01, gopherProxySet=false, java.vm.vendor=Oracle Corporation, java.vendor.url=http://java.oracle.com/, path.separator=:, java.vm.name=Java HotSpot(TM) 64-Bit Server VM, file.encoding.pkg=sun.io, user.country=CN, sun.java.launcher=SUN_STANDARD, sun.os.patch.level=unknown, java.vm.specification.name=Java Virtual Machine Specification, user.dir=/Users/lianshang/Documents/springcloud/cloudServer, java.runtime.version=1.8.0_144-b01, basedir=/Users/lianshang/Documents/springcloud/cloudServer, java.awt.graphicsenv=sun.awt.CGraphicsEnvironment, java.endorsed.dirs=/Library/Java/JavaVirtualMachines/jdk1.8.0_144.jdk/Contents/Home/jre/lib/endorsed, os.arch=x86_64, surefire.real.class.path=/Users/lianshang/Documents/springcloud/cloudServer/target/surefire/surefirebooter8242031670184897051.jar, java.io.tmpdir=/var/folders/m_/vc7l1n451b57m_6wwp10fpsw0000gn/T/, line.separator=
, java.vm.specification.vendor=Oracle Corporation, https.proxyHost=127.0.0.1, os.name=Mac OS X, sun.jnu.encoding=UTF-8, java.library.path=/Users/lianshang/Library/Java/Extensions:/Library/Java/Extensions:/Network/Library/Java/Extensions:/System/Library/Java/Extensions:/usr/lib/java:., http.proxyPort=58470, surefire.test.class.path=/Users/lianshang/Documents/springcloud/cloudServer/target/test-classes:/Users/lianshang/Documents/springcloud/cloudServer/target/classes:/Users/Harry/maven/maven_repo/org/springframework/boot/spring-boot-starter-web/2.0.6.RELEASE/spring-boot-starter-web-2.0.6.RELEASE.jar:/Users/Harry/maven/maven_repo/org/springframework/boot/spring-boot-starter/2.0.6.RELEASE/spring-boot-starter-2.0.6.RELEASE.jar:/Users/Harry/maven/maven_repo/org/springframework/boot/spring-boot/2.0.6.RELEASE/spring-boot-2.0.6.RELEASE.jar:/Users/Harry/maven/maven_repo/org/springframework/boot/spring-boot-autoconfigure/2.0.6.RELEASE/spring-boot-autoconfigure-2.0.6.RELEASE.jar:/Users/Harry/maven/maven_repo/org/springframework/boot/spring-boot-starter-logging/2.0.6.RELEASE/spring-boot-starter-logging-2.0.6.RELEASE.jar:/Users/Harry/maven/maven_repo/ch/qos/logback/logback-classic/1.2.3/logback-classic-1.2.3.jar:/Users/Harry/maven/maven_repo/ch/qos/logback/logback-core/1.2.3/logback-core-1.2.3.jar:/Users/Harry/maven/maven_repo/org/apache/logging/log4j/log4j-to-slf4j/2.10.0/log4j-to-slf4j-2.10.0.jar:/Users/Harry/maven/maven_repo/org/apache/logging/log4j/log4j-api/2.10.0/log4j-api-2.10.0.jar:/Users/Harry/maven/maven_repo/org/slf4j/jul-to-slf4j/1.7.25/jul-to-slf4j-1.7.25.jar:/Users/Harry/maven/maven_repo/javax/annotation/javax.annotation-api/1.3.2/javax.annotation-api-1.3.2.jar:/Users/Harry/maven/maven_repo/org/yaml/snakeyaml/1.19/snakeyaml-1.19.jar:/Users/Harry/maven/maven_repo/org/springframework/boot/spring-boot-starter-json/2.0.6.RELEASE/spring-boot-starter-json-2.0.6.RELEASE.jar:/Users/Harry/maven/maven_repo/com/fasterxml/jackson/core/jackson-databind/2.9.7/jackson-databind-2.9.7.jar:/Users/Harry/maven/maven_repo/com/fasterxml/jackson/datatype/jackson-datatype-jdk8/2.9.7/jackson-datatype-jdk8-2.9.7.jar:/Users/Harry/maven/maven_repo/com/fasterxml/jackson/datatype/jackson-datatype-jsr310/2.9.7/jackson-datatype-jsr310-2.9.7.jar:/Users/Harry/maven/maven_repo/com/fasterxml/jackson/module/jackson-module-parameter-names/2.9.7/jackson-module-parameter-names-2.9.7.jar:/Users/Harry/maven/maven_repo/org/springframework/boot/spring-boot-starter-tomcat/2.0.6.RELEASE/spring-boot-starter-tomcat-2.0.6.RELEASE.jar:/Users/Harry/maven/maven_repo/org/apache/tomcat/embed/tomcat-embed-core/8.5.34/tomcat-embed-core-8.5.34.jar:/Users/Harry/maven/maven_repo/org/apache/tomcat/embed/tomcat-embed-el/8.5.34/tomcat-embed-el-8.5.34.jar:/Users/Harry/maven/maven_repo/org/apache/tomcat/embed/tomcat-embed-websocket/8.5.34/tomcat-embed-websocket-8.5.34.jar:/Users/Harry/maven/maven_repo/org/hibernate/validator/hibernate-validator/6.0.13.Final/hibernate-validator-6.0.13.Final.jar:/Users/Harry/maven/maven_repo/javax/validation/validation-api/2.0.1.Final/validation-api-2.0.1.Final.jar:/Users/Harry/maven/maven_repo/org/jboss/logging/jboss-logging/3.3.2.Final/jboss-logging-3.3.2.Final.jar:/Users/Harry/maven/maven_repo/com/fasterxml/classmate/1.3.4/classmate-1.3.4.jar:/Users/Harry/maven/maven_repo/org/springframework/spring-web/5.0.10.RELEASE/spring-web-5.0.10.RELEASE.jar:/Users/Harry/maven/maven_repo/org/springframework/spring-beans/5.0.10.RELEASE/spring-beans-5.0.10.RELEASE.jar:/Users/Harry/maven/maven_repo/org/springframework/spring-webmvc/5.0.10.RELEASE/spring-webmvc-5.0.10.RELEASE.jar:/Users/Harry/maven/maven_repo/org/springframework/spring-aop/5.0.10.RELEASE/spring-aop-5.0.10.RELEASE.jar:/Users/Harry/maven/maven_repo/org/springframework/spring-context/5.0.10.RELEASE/spring-context-5.0.10.RELEASE.jar:/Users/Harry/maven/maven_repo/org/springframework/spring-expression/5.0.10.RELEASE/spring-expression-5.0.10.RELEASE.jar:/Users/Harry/maven/maven_repo/org/springframework/boot/spring-boot-starter-test/2.0.6.RELEASE/spring-boot-starter-test-2.0.6.RELEASE.jar:/Users/Harry/maven/maven_repo/org/springframework/boot/spring-boot-test/2.0.6.RELEASE/spring-boot-test-2.0.6.RELEASE.jar:/Users/Harry/maven/maven_repo/org/springframework/boot/spring-boot-test-autoconfigure/2.0.6.RELEASE/spring-boot-test-autoconfigure-2.0.6.RELEASE.jar:/Users/Harry/maven/maven_repo/com/jayway/jsonpath/json-path/2.4.0/json-path-2.4.0.jar:/Users/Harry/maven/maven_repo/net/minidev/json-smart/2.3/json-smart-2.3.jar:/Users/Harry/maven/maven_repo/net/minidev/accessors-smart/1.2/accessors-smart-1.2.jar:/Users/Harry/maven/maven_repo/org/ow2/asm/asm/5.0.4/asm-5.0.4.jar:/Users/Harry/maven/maven_repo/org/slf4j/slf4j-api/1.7.25/slf4j-api-1.7.25.jar:/Users/Harry/maven/maven_repo/junit/junit/4.12/junit-4.12.jar:/Users/Harry/maven/maven_repo/org/assertj/assertj-core/3.9.1/assertj-core-3.9.1.jar:/Users/Harry/maven/maven_repo/org/mockito/mockito-core/2.15.0/mockito-core-2.15.0.jar:/Users/Harry/maven/maven_repo/net/bytebuddy/byte-buddy/1.7.11/byte-buddy-1.7.11.jar:/Users/Harry/maven/maven_repo/net/bytebuddy/byte-buddy-agent/1.7.11/byte-buddy-agent-1.7.11.jar:/Users/Harry/maven/maven_repo/org/objenesis/objenesis/2.6/objenesis-2.6.jar:/Users/Harry/maven/maven_repo/org/hamcrest/hamcrest-core/1.3/hamcrest-core-1.3.jar:/Users/Harry/maven/maven_repo/org/hamcrest/hamcrest-library/1.3/hamcrest-library-1.3.jar:/Users/Harry/maven/maven_repo/org/skyscreamer/jsonassert/1.5.0/jsonassert-1.5.0.jar:/Users/Harry/maven/maven_repo/com/vaadin/external/google/android-json/0.0.20131108.vaadin1/android-json-0.0.20131108.vaadin1.jar:/Users/Harry/maven/maven_repo/org/springframework/spring-core/5.0.10.RELEASE/spring-core-5.0.10.RELEASE.jar:/Users/Harry/maven/maven_repo/org/springframework/spring-jcl/5.0.10.RELEASE/spring-jcl-5.0.10.RELEASE.jar:/Users/Harry/maven/maven_repo/org/springframework/spring-test/5.0.10.RELEASE/spring-test-5.0.10.RELEASE.jar:/Users/Harry/maven/maven_repo/org/xmlunit/xmlunit-core/2.5.1/xmlunit-core-2.5.1.jar:/Users/Harry/maven/maven_repo/org/json/json/20180813/json-20180813.jar:/Users/Harry/maven/maven_repo/org/springframework/cloud/spring-cloud-starter-netflix-eureka-client/2.0.0.RELEASE/spring-cloud-starter-netflix-eureka-client-2.0.0.RELEASE.jar:/Users/Harry/maven/maven_repo/org/springframework/cloud/spring-cloud-starter/2.0.0.RELEASE/spring-cloud-starter-2.0.0.RELEASE.jar:/Users/Harry/maven/maven_repo/org/springframework/cloud/spring-cloud-context/2.0.0.RELEASE/spring-cloud-context-2.0.0.RELEASE.jar:/Users/Harry/maven/maven_repo/org/springframework/security/spring-security-crypto/5.0.9.RELEASE/spring-security-crypto-5.0.9.RELEASE.jar:/Users/Harry/maven/maven_repo/org/springframework/cloud/spring-cloud-commons/2.0.0.RELEASE/spring-cloud-commons-2.0.0.RELEASE.jar:/Users/Harry/maven/maven_repo/org/springframework/security/spring-security-rsa/1.0.5.RELEASE/spring-security-rsa-1.0.5.RELEASE.jar:/Users/Harry/maven/maven_repo/org/bouncycastle/bcpkix-jdk15on/1.56/bcpkix-jdk15on-1.56.jar:/Users/Harry/maven/maven_repo/org/bouncycastle/bcprov-jdk15on/1.56/bcprov-jdk15on-1.56.jar:/Users/Harry/maven/maven_repo/org/springframework/cloud/spring-cloud-netflix-core/2.0.0.RELEASE/spring-cloud-netflix-core-2.0.0.RELEASE.jar:/Users/Harry/maven/maven_repo/org/springframework/boot/spring-boot-starter-aop/2.0.6.RELEASE/spring-boot-starter-aop-2.0.6.RELEASE.jar:/Users/Harry/maven/maven_repo/org/aspectj/aspectjweaver/1.8.13/aspectjweaver-1.8.13.jar:/Users/Harry/maven/maven_repo/org/springframework/cloud/spring-cloud-netflix-eureka-client/2.0.0.RELEASE/spring-cloud-netflix-eureka-client-2.0.0.RELEASE.jar:/Users/Harry/maven/maven_repo/com/netflix/eureka/eureka-client/1.9.2/eureka-client-1.9.2.jar:/Users/Harry/maven/maven_repo/org/codehaus/jettison/jettison/1.3.7/jettison-1.3.7.jar:/Users/Harry/maven/maven_repo/stax/stax-api/1.0.1/stax-api-1.0.1.jar:/Users/Harry/maven/maven_repo/com/netflix/netflix-commons/netflix-eventbus/0.3.0/netflix-eventbus-0.3.0.jar:/Users/Harry/maven/maven_repo/com/netflix/netflix-commons/netflix-infix/0.3.0/netflix-infix-0.3.0.jar:/Users/Harry/maven/maven_repo/commons-jxpath/commons-jxpath/1.3/commons-jxpath-1.3.jar:/Users/Harry/maven/maven_repo/joda-time/joda-time/2.9.9/joda-time-2.9.9.jar:/Users/Harry/maven/maven_repo/org/antlr/antlr-runtime/3.4/antlr-runtime-3.4.jar:/Users/Harry/maven/maven_repo/org/antlr/stringtemplate/3.2.1/stringtemplate-3.2.1.jar:/Users/Harry/maven/maven_repo/antlr/antlr/2.7.7/antlr-2.7.7.jar:/Users/Harry/maven/maven_repo/com/google/code/gson/gson/2.8.5/gson-2.8.5.jar:/Users/Harry/maven/maven_repo/org/apache/commons/commons-math/2.2/commons-math-2.2.jar:/Users/Harry/maven/maven_repo/com/netflix/archaius/archaius-core/0.7.6/archaius-core-0.7.6.jar:/Users/Harry/maven/maven_repo/com/google/guava/guava/16.0/guava-16.0.jar:/Users/Harry/maven/maven_repo/javax/ws/rs/jsr311-api/1.1.1/jsr311-api-1.1.1.jar:/Users/Harry/maven/maven_repo/com/netflix/servo/servo-core/0.12.21/servo-core-0.12.21.jar:/Users/Harry/maven/maven_repo/com/sun/jersey/jersey-core/1.19.1/jersey-core-1.19.1.jar:/Users/Harry/maven/maven_repo/com/sun/jersey/jersey-client/1.19.1/jersey-client-1.19.1.jar:/Users/Harry/maven/maven_repo/com/sun/jersey/contribs/jersey-apache-client4/1.19.1/jersey-apache-client4-1.19.1.jar:/Users/Harry/maven/maven_repo/org/apache/httpcomponents/httpclient/4.5.6/httpclient-4.5.6.jar:/Users/Harry/maven/maven_repo/org/apache/httpcomponents/httpcore/4.4.10/httpcore-4.4.10.jar:/Users/Harry/maven/maven_repo/commons-codec/commons-codec/1.11/commons-codec-1.11.jar:/Users/Harry/maven/maven_repo/com/google/inject/guice/4.1.0/guice-4.1.0.jar:/Users/Harry/maven/maven_repo/javax/inject/javax.inject/1/javax.inject-1.jar:/Users/Harry/maven/maven_repo/aopalliance/aopalliance/1.0/aopalliance-1.0.jar:/Users/Harry/maven/maven_repo/com/github/vlsi/compactmap/compactmap/1.2.1/compactmap-1.2.1.jar:/Users/Harry/maven/maven_repo/com/github/andrewoma/dexx/dexx-collections/0.2/dexx-collections-0.2.jar:/Users/Harry/maven/maven_repo/com/fasterxml/jackson/core/jackson-annotations/2.9.0/jackson-annotations-2.9.0.jar:/Users/Harry/maven/maven_repo/com/fasterxml/jackson/core/jackson-core/2.9.7/jackson-core-2.9.7.jar:/Users/Harry/maven/maven_repo/com/netflix/eureka/eureka-core/1.9.2/eureka-core-1.9.2.jar:/Users/Harry/maven/maven_repo/org/codehaus/woodstox/woodstox-core-asl/4.4.1/woodstox-core-asl-4.4.1.jar:/Users/Harry/maven/maven_repo/javax/xml/stream/stax-api/1.0-2/stax-api-1.0-2.jar:/Users/Harry/maven/maven_repo/org/codehaus/woodstox/stax2-api/3.1.4/stax2-api-3.1.4.jar:/Users/Harry/maven/maven_repo/org/springframework/cloud/spring-cloud-starter-netflix-archaius/2.0.0.RELEASE/spring-cloud-starter-netflix-archaius-2.0.0.RELEASE.jar:/Users/Harry/maven/maven_repo/org/springframework/cloud/spring-cloud-netflix-ribbon/2.0.0.RELEASE/spring-cloud-netflix-ribbon-2.0.0.RELEASE.jar:/Users/Harry/maven/maven_repo/org/springframework/cloud/spring-cloud-netflix-archaius/2.0.0.RELEASE/spring-cloud-netflix-archaius-2.0.0.RELEASE.jar:/Users/Harry/maven/maven_repo/commons-configuration/commons-configuration/1.8/commons-configuration-1.8.jar:/Users/Harry/maven/maven_repo/commons-lang/commons-lang/2.6/commons-lang-2.6.jar:/Users/Harry/maven/maven_repo/org/springframework/cloud/spring-cloud-starter-netflix-ribbon/2.0.0.RELEASE/spring-cloud-starter-netflix-ribbon-2.0.0.RELEASE.jar:/Users/Harry/maven/maven_repo/com/netflix/ribbon/ribbon/2.2.5/ribbon-2.2.5.jar:/Users/Harry/maven/maven_repo/com/netflix/ribbon/ribbon-transport/2.2.5/ribbon-transport-2.2.5.jar:/Users/Harry/maven/maven_repo/io/reactivex/rxnetty-contexts/0.4.9/rxnetty-contexts-0.4.9.jar:/Users/Harry/maven/maven_repo/io/reactivex/rxnetty-servo/0.4.9/rxnetty-servo-0.4.9.jar:/Users/Harry/maven/maven_repo/com/netflix/hystrix/hystrix-core/1.5.12/hystrix-core-1.5.12.jar:/Users/Harry/maven/maven_repo/org/hdrhistogram/HdrHistogram/2.1.9/HdrHistogram-2.1.9.jar:/Users/Harry/maven/maven_repo/io/reactivex/rxnetty/0.4.9/rxnetty-0.4.9.jar:/Users/Harry/maven/maven_repo/io/netty/netty-codec-http/4.1.29.Final/netty-codec-http-4.1.29.Final.jar:/Users/Harry/maven/maven_repo/io/netty/netty-codec/4.1.29.Final/netty-codec-4.1.29.Final.jar:/Users/Harry/maven/maven_repo/io/netty/netty-transport-native-epoll/4.1.29.Final/netty-transport-native-epoll-4.1.29.Final.jar:/Users/Harry/maven/maven_repo/io/netty/netty-common/4.1.29.Final/netty-common-4.1.29.Final.jar:/Users/Harry/maven/maven_repo/io/netty/netty-buffer/4.1.29.Final/netty-buffer-4.1.29.Final.jar:/Users/Harry/maven/maven_repo/io/netty/netty-transport-native-unix-common/4.1.29.Final/netty-transport-native-unix-common-4.1.29.Final.jar:/Users/Harry/maven/maven_repo/io/netty/netty-transport/4.1.29.Final/netty-transport-4.1.29.Final.jar:/Users/Harry/maven/maven_repo/io/netty/netty-resolver/4.1.29.Final/netty-resolver-4.1.29.Final.jar:/Users/Harry/maven/maven_repo/com/netflix/ribbon/ribbon-core/2.2.5/ribbon-core-2.2.5.jar:/Users/Harry/maven/maven_repo/com/netflix/ribbon/ribbon-httpclient/2.2.5/ribbon-httpclient-2.2.5.jar:/Users/Harry/maven/maven_repo/commons-collections/commons-collections/3.2.2/commons-collections-3.2.2.jar:/Users/Harry/maven/maven_repo/com/netflix/netflix-commons/netflix-commons-util/0.3.0/netflix-commons-util-0.3.0.jar:/Users/Harry/maven/maven_repo/com/netflix/ribbon/ribbon-loadbalancer/2.2.5/ribbon-loadbalancer-2.2.5.jar:/Users/Harry/maven/maven_repo/com/netflix/netflix-commons/netflix-statistics/0.1.1/netflix-statistics-0.1.1.jar:/Users/Harry/maven/maven_repo/io/reactivex/rxjava/1.3.8/rxjava-1.3.8.jar:/Users/Harry/maven/maven_repo/com/netflix/ribbon/ribbon-eureka/2.2.5/ribbon-eureka-2.2.5.jar:/Users/Harry/maven/maven_repo/com/thoughtworks/xstream/xstream/1.4.10/xstream-1.4.10.jar:/Users/Harry/maven/maven_repo/xmlpull/xmlpull/1.1.3.1/xmlpull-1.1.3.1.jar:/Users/Harry/maven/maven_repo/xpp3/xpp3_min/1.1.4c/xpp3_min-1.1.4c.jar:/Users/Harry/maven/maven_repo/org/projectlombok/lombok/1.18.2/lombok-1.18.2.jar:, java.specification.name=Java Platform API Specification, java.class.version=52.0, sun.management.compiler=HotSpot 64-Bit Tiered Compilers, os.version=10.12.5, user.home=/Users/lianshang, user.timezone=Asia/Shanghai, java.awt.printerjob=sun.lwawt.macosx.CPrinterJob, file.encoding=UTF-8, java.specification.version=1.8, java.class.path=/Users/lianshang/Documents/springcloud/cloudServer/target/test-classes:/Users/lianshang/Documents/springcloud/cloudServer/target/classes:/Users/Harry/maven/maven_repo/org/springframework/boot/spring-boot-starter-web/2.0.6.RELEASE/spring-boot-starter-web-2.0.6.RELEASE.jar:/Users/Harry/maven/maven_repo/org/springframework/boot/spring-boot-starter/2.0.6.RELEASE/spring-boot-starter-2.0.6.RELEASE.jar:/Users/Harry/maven/maven_repo/org/springframework/boot/spring-boot/2.0.6.RELEASE/spring-boot-2.0.6.RELEASE.jar:/Users/Harry/maven/maven_repo/org/springframework/boot/spring-boot-autoconfigure/2.0.6.RELEASE/spring-boot-autoconfigure-2.0.6.RELEASE.jar:/Users/Harry/maven/maven_repo/org/springframework/boot/spring-boot-starter-logging/2.0.6.RELEASE/spring-boot-starter-logging-2.0.6.RELEASE.jar:/Users/Harry/maven/maven_repo/ch/qos/logback/logback-classic/1.2.3/logback-classic-1.2.3.jar:/Users/Harry/maven/maven_repo/ch/qos/logback/logback-core/1.2.3/logback-core-1.2.3.jar:/Users/Harry/maven/maven_repo/org/apache/logging/log4j/log4j-to-slf4j/2.10.0/log4j-to-slf4j-2.10.0.jar:/Users/Harry/maven/maven_repo/org/apache/logging/log4j/log4j-api/2.10.0/log4j-api-2.10.0.jar:/Users/Harry/maven/maven_repo/org/slf4j/jul-to-slf4j/1.7.25/jul-to-slf4j-1.7.25.jar:/Users/Harry/maven/maven_repo/javax/annotation/javax.annotation-api/1.3.2/javax.annotation-api-1.3.2.jar:/Users/Harry/maven/maven_repo/org/yaml/snakeyaml/1.19/snakeyaml-1.19.jar:/Users/Harry/maven/maven_repo/org/springframework/boot/spring-boot-starter-json/2.0.6.RELEASE/spring-boot-starter-json-2.0.6.RELEASE.jar:/Users/Harry/maven/maven_repo/com/fasterxml/jackson/core/jackson-databind/2.9.7/jackson-databind-2.9.7.jar:/Users/Harry/maven/maven_repo/com/fasterxml/jackson/datatype/jackson-datatype-jdk8/2.9.7/jackson-datatype-jdk8-2.9.7.jar:/Users/Harry/maven/maven_repo/com/fasterxml/jackson/datatype/jackson-datatype-jsr310/2.9.7/jackson-datatype-jsr310-2.9.7.jar:/Users/Harry/maven/maven_repo/com/fasterxml/jackson/module/jackson-module-parameter-names/2.9.7/jackson-module-parameter-names-2.9.7.jar:/Users/Harry/maven/maven_repo/org/springframework/boot/spring-boot-starter-tomcat/2.0.6.RELEASE/spring-boot-starter-tomcat-2.0.6.RELEASE.jar:/Users/Harry/maven/maven_repo/org/apache/tomcat/embed/tomcat-embed-core/8.5.34/tomcat-embed-core-8.5.34.jar:/Users/Harry/maven/maven_repo/org/apache/tomcat/embed/tomcat-embed-el/8.5.34/tomcat-embed-el-8.5.34.jar:/Users/Harry/maven/maven_repo/org/apache/tomcat/embed/tomcat-embed-websocket/8.5.34/tomcat-embed-websocket-8.5.34.jar:/Users/Harry/maven/maven_repo/org/hibernate/validator/hibernate-validator/6.0.13.Final/hibernate-validator-6.0.13.Final.jar:/Users/Harry/maven/maven_repo/javax/validation/validation-api/2.0.1.Final/validation-api-2.0.1.Final.jar:/Users/Harry/maven/maven_repo/org/jboss/logging/jboss-logging/3.3.2.Final/jboss-logging-3.3.2.Final.jar:/Users/Harry/maven/maven_repo/com/fasterxml/classmate/1.3.4/classmate-1.3.4.jar:/Users/Harry/maven/maven_repo/org/springframework/spring-web/5.0.10.RELEASE/spring-web-5.0.10.RELEASE.jar:/Users/Harry/maven/maven_repo/org/springframework/spring-beans/5.0.10.RELEASE/spring-beans-5.0.10.RELEASE.jar:/Users/Harry/maven/maven_repo/org/springframework/spring-webmvc/5.0.10.RELEASE/spring-webmvc-5.0.10.RELEASE.jar:/Users/Harry/maven/maven_repo/org/springframework/spring-aop/5.0.10.RELEASE/spring-aop-5.0.10.RELEASE.jar:/Users/Harry/maven/maven_repo/org/springframework/spring-context/5.0.10.RELEASE/spring-context-5.0.10.RELEASE.jar:/Users/Harry/maven/maven_repo/org/springframework/spring-expression/5.0.10.RELEASE/spring-expression-5.0.10.RELEASE.jar:/Users/Harry/maven/maven_repo/org/springframework/boot/spring-boot-starter-test/2.0.6.RELEASE/spring-boot-starter-test-2.0.6.RELEASE.jar:/Users/Harry/maven/maven_repo/org/springframework/boot/spring-boot-test/2.0.6.RELEASE/spring-boot-test-2.0.6.RELEASE.jar:/Users/Harry/maven/maven_repo/org/springframework/boot/spring-boot-test-autoconfigure/2.0.6.RELEASE/spring-boot-test-autoconfigure-2.0.6.RELEASE.jar:/Users/Harry/maven/maven_repo/com/jayway/jsonpath/json-path/2.4.0/json-path-2.4.0.jar:/Users/Harry/maven/maven_repo/net/minidev/json-smart/2.3/json-smart-2.3.jar:/Users/Harry/maven/maven_repo/net/minidev/accessors-smart/1.2/accessors-smart-1.2.jar:/Users/Harry/maven/maven_repo/org/ow2/asm/asm/5.0.4/asm-5.0.4.jar:/Users/Harry/maven/maven_repo/org/slf4j/slf4j-api/1.7.25/slf4j-api-1.7.25.jar:/Users/Harry/maven/maven_repo/junit/junit/4.12/junit-4.12.jar:/Users/Harry/maven/maven_repo/org/assertj/assertj-core/3.9.1/assertj-core-3.9.1.jar:/Users/Harry/maven/maven_repo/org/mockito/mockito-core/2.15.0/mockito-core-2.15.0.jar:/Users/Harry/maven/maven_repo/net/bytebuddy/byte-buddy/1.7.11/byte-buddy-1.7.11.jar:/Users/Harry/maven/maven_repo/net/bytebuddy/byte-buddy-agent/1.7.11/byte-buddy-agent-1.7.11.jar:/Users/Harry/maven/maven_repo/org/objenesis/objenesis/2.6/objenesis-2.6.jar:/Users/Harry/maven/maven_repo/org/hamcrest/hamcrest-core/1.3/hamcrest-core-1.3.jar:/Users/Harry/maven/maven_repo/org/hamcrest/hamcrest-library/1.3/hamcrest-library-1.3.jar:/Users/Harry/maven/maven_repo/org/skyscreamer/jsonassert/1.5.0/jsonassert-1.5.0.jar:/Users/Harry/maven/maven_repo/com/vaadin/external/google/android-json/0.0.20131108.vaadin1/android-json-0.0.20131108.vaadin1.jar:/Users/Harry/maven/maven_repo/org/springframework/spring-core/5.0.10.RELEASE/spring-core-5.0.10.RELEASE.jar:/Users/Harry/maven/maven_repo/org/springframework/spring-jcl/5.0.10.RELEASE/spring-jcl-5.0.10.RELEASE.jar:/Users/Harry/maven/maven_repo/org/springframework/spring-test/5.0.10.RELEASE/spring-test-5.0.10.RELEASE.jar:/Users/Harry/maven/maven_repo/org/xmlunit/xmlunit-core/2.5.1/xmlunit-core-2.5.1.jar:/Users/Harry/maven/maven_repo/org/json/json/20180813/json-20180813.jar:/Users/Harry/maven/maven_repo/org/springframework/cloud/spring-cloud-starter-netflix-eureka-client/2.0.0.RELEASE/spring-cloud-starter-netflix-eureka-client-2.0.0.RELEASE.jar:/Users/Harry/maven/maven_repo/org/springframework/cloud/spring-cloud-starter/2.0.0.RELEASE/spring-cloud-starter-2.0.0.RELEASE.jar:/Users/Harry/maven/maven_repo/org/springframework/cloud/spring-cloud-context/2.0.0.RELEASE/spring-cloud-context-2.0.0.RELEASE.jar:/Users/Harry/maven/maven_repo/org/springframework/security/spring-security-crypto/5.0.9.RELEASE/spring-security-crypto-5.0.9.RELEASE.jar:/Users/Harry/maven/maven_repo/org/springframework/cloud/spring-cloud-commons/2.0.0.RELEASE/spring-cloud-commons-2.0.0.RELEASE.jar:/Users/Harry/maven/maven_repo/org/springframework/security/spring-security-rsa/1.0.5.RELEASE/spring-security-rsa-1.0.5.RELEASE.jar:/Users/Harry/maven/maven_repo/org/bouncycastle/bcpkix-jdk15on/1.56/bcpkix-jdk15on-1.56.jar:/Users/Harry/maven/maven_repo/org/bouncycastle/bcprov-jdk15on/1.56/bcprov-jdk15on-1.56.jar:/Users/Harry/maven/maven_repo/org/springframework/cloud/spring-cloud-netflix-core/2.0.0.RELEASE/spring-cloud-netflix-core-2.0.0.RELEASE.jar:/Users/Harry/maven/maven_repo/org/springframework/boot/spring-boot-starter-aop/2.0.6.RELEASE/spring-boot-starter-aop-2.0.6.RELEASE.jar:/Users/Harry/maven/maven_repo/org/aspectj/aspectjweaver/1.8.13/aspectjweaver-1.8.13.jar:/Users/Harry/maven/maven_repo/org/springframework/cloud/spring-cloud-netflix-eureka-client/2.0.0.RELEASE/spring-cloud-netflix-eureka-client-2.0.0.RELEASE.jar:/Users/Harry/maven/maven_repo/com/netflix/eureka/eureka-client/1.9.2/eureka-client-1.9.2.jar:/Users/Harry/maven/maven_repo/org/codehaus/jettison/jettison/1.3.7/jettison-1.3.7.jar:/Users/Harry/maven/maven_repo/stax/stax-api/1.0.1/stax-api-1.0.1.jar:/Users/Harry/maven/maven_repo/com/netflix/netflix-commons/netflix-eventbus/0.3.0/netflix-eventbus-0.3.0.jar:/Users/Harry/maven/maven_repo/com/netflix/netflix-commons/netflix-infix/0.3.0/netflix-infix-0.3.0.jar:/Users/Harry/maven/maven_repo/commons-jxpath/commons-jxpath/1.3/commons-jxpath-1.3.jar:/Users/Harry/maven/maven_repo/joda-time/joda-time/2.9.9/joda-time-2.9.9.jar:/Users/Harry/maven/maven_repo/org/antlr/antlr-runtime/3.4/antlr-runtime-3.4.jar:/Users/Harry/maven/maven_repo/org/antlr/stringtemplate/3.2.1/stringtemplate-3.2.1.jar:/Users/Harry/maven/maven_repo/antlr/antlr/2.7.7/antlr-2.7.7.jar:/Users/Harry/maven/maven_repo/com/google/code/gson/gson/2.8.5/gson-2.8.5.jar:/Users/Harry/maven/maven_repo/org/apache/commons/commons-math/2.2/commons-math-2.2.jar:/Users/Harry/maven/maven_repo/com/netflix/archaius/archaius-core/0.7.6/archaius-core-0.7.6.jar:/Users/Harry/maven/maven_repo/com/google/guava/guava/16.0/guava-16.0.jar:/Users/Harry/maven/maven_repo/javax/ws/rs/jsr311-api/1.1.1/jsr311-api-1.1.1.jar:/Users/Harry/maven/maven_repo/com/netflix/servo/servo-core/0.12.21/servo-core-0.12.21.jar:/Users/Harry/maven/maven_repo/com/sun/jersey/jersey-core/1.19.1/jersey-core-1.19.1.jar:/Users/Harry/maven/maven_repo/com/sun/jersey/jersey-client/1.19.1/jersey-client-1.19.1.jar:/Users/Harry/maven/maven_repo/com/sun/jersey/contribs/jersey-apache-client4/1.19.1/jersey-apache-client4-1.19.1.jar:/Users/Harry/maven/maven_repo/org/apache/httpcomponents/httpclient/4.5.6/httpclient-4.5.6.jar:/Users/Harry/maven/maven_repo/org/apache/httpcomponents/httpcore/4.4.10/httpcore-4.4.10.jar:/Users/Harry/maven/maven_repo/commons-codec/commons-codec/1.11/commons-codec-1.11.jar:/Users/Harry/maven/maven_repo/com/google/inject/guice/4.1.0/guice-4.1.0.jar:/Users/Harry/maven/maven_repo/javax/inject/javax.inject/1/javax.inject-1.jar:/Users/Harry/maven/maven_repo/aopalliance/aopalliance/1.0/aopalliance-1.0.jar:/Users/Harry/maven/maven_repo/com/github/vlsi/compactmap/compactmap/1.2.1/compactmap-1.2.1.jar:/Users/Harry/maven/maven_repo/com/github/andrewoma/dexx/dexx-collections/0.2/dexx-collections-0.2.jar:/Users/Harry/maven/maven_repo/com/fasterxml/jackson/core/jackson-annotations/2.9.0/jackson-annotations-2.9.0.jar:/Users/Harry/maven/maven_repo/com/fasterxml/jackson/core/jackson-core/2.9.7/jackson-core-2.9.7.jar:/Users/Harry/maven/maven_repo/com/netflix/eureka/eureka-core/1.9.2/eureka-core-1.9.2.jar:/Users/Harry/maven/maven_repo/org/codehaus/woodstox/woodstox-core-asl/4.4.1/woodstox-core-asl-4.4.1.jar:/Users/Harry/maven/maven_repo/javax/xml/stream/stax-api/1.0-2/stax-api-1.0-2.jar:/Users/Harry/maven/maven_repo/org/codehaus/woodstox/stax2-api/3.1.4/stax2-api-3.1.4.jar:/Users/Harry/maven/maven_repo/org/springframework/cloud/spring-cloud-starter-netflix-archaius/2.0.0.RELEASE/spring-cloud-starter-netflix-archaius-2.0.0.RELEASE.jar:/Users/Harry/maven/maven_repo/org/springframework/cloud/spring-cloud-netflix-ribbon/2.0.0.RELEASE/spring-cloud-netflix-ribbon-2.0.0.RELEASE.jar:/Users/Harry/maven/maven_repo/org/springframework/cloud/spring-cloud-netflix-archaius/2.0.0.RELEASE/spring-cloud-netflix-archaius-2.0.0.RELEASE.jar:/Users/Harry/maven/maven_repo/commons-configuration/commons-configuration/1.8/commons-configuration-1.8.jar:/Users/Harry/maven/maven_repo/commons-lang/commons-lang/2.6/commons-lang-2.6.jar:/Users/Harry/maven/maven_repo/org/springframework/cloud/spring-cloud-starter-netflix-ribbon/2.0.0.RELEASE/spring-cloud-starter-netflix-ribbon-2.0.0.RELEASE.jar:/Users/Harry/maven/maven_repo/com/netflix/ribbon/ribbon/2.2.5/ribbon-2.2.5.jar:/Users/Harry/maven/maven_repo/com/netflix/ribbon/ribbon-transport/2.2.5/ribbon-transport-2.2.5.jar:/Users/Harry/maven/maven_repo/io/reactivex/rxnetty-contexts/0.4.9/rxnetty-contexts-0.4.9.jar:/Users/Harry/maven/maven_repo/io/reactivex/rxnetty-servo/0.4.9/rxnetty-servo-0.4.9.jar:/Users/Harry/maven/maven_repo/com/netflix/hystrix/hystrix-core/1.5.12/hystrix-core-1.5.12.jar:/Users/Harry/maven/maven_repo/org/hdrhistogram/HdrHistogram/2.1.9/HdrHistogram-2.1.9.jar:/Users/Harry/maven/maven_repo/io/reactivex/rxnetty/0.4.9/rxnetty-0.4.9.jar:/Users/Harry/maven/maven_repo/io/netty/netty-codec-http/4.1.29.Final/netty-codec-http-4.1.29.Final.jar:/Users/Harry/maven/maven_repo/io/netty/netty-codec/4.1.29.Final/netty-codec-4.1.29.Final.jar:/Users/Harry/maven/maven_repo/io/netty/netty-transport-native-epoll/4.1.29.Final/netty-transport-native-epoll-4.1.29.Final.jar:/Users/Harry/maven/maven_repo/io/netty/netty-common/4.1.29.Final/netty-common-4.1.29.Final.jar:/Users/Harry/maven/maven_repo/io/netty/netty-buffer/4.1.29.Final/netty-buffer-4.1.29.Final.jar:/Users/Harry/maven/maven_repo/io/netty/netty-transport-native-unix-common/4.1.29.Final/netty-transport-native-unix-common-4.1.29.Final.jar:/Users/Harry/maven/maven_repo/io/netty/netty-transport/4.1.29.Final/netty-transport-4.1.29.Final.jar:/Users/Harry/maven/maven_repo/io/netty/netty-resolver/4.1.29.Final/netty-resolver-4.1.29.Final.jar:/Users/Harry/maven/maven_repo/com/netflix/ribbon/ribbon-core/2.2.5/ribbon-core-2.2.5.jar:/Users/Harry/maven/maven_repo/com/netflix/ribbon/ribbon-httpclient/2.2.5/ribbon-httpclient-2.2.5.jar:/Users/Harry/maven/maven_repo/commons-collections/commons-collections/3.2.2/commons-collections-3.2.2.jar:/Users/Harry/maven/maven_repo/com/netflix/netflix-commons/netflix-commons-util/0.3.0/netflix-commons-util-0.3.0.jar:/Users/Harry/maven/maven_repo/com/netflix/ribbon/ribbon-loadbalancer/2.2.5/ribbon-loadbalancer-2.2.5.jar:/Users/Harry/maven/maven_repo/com/netflix/netflix-commons/netflix-statistics/0.1.1/netflix-statistics-0.1.1.jar:/Users/Harry/maven/maven_repo/io/reactivex/rxjava/1.3.8/rxjava-1.3.8.jar:/Users/Harry/maven/maven_repo/com/netflix/ribbon/ribbon-eureka/2.2.5/ribbon-eureka-2.2.5.jar:/Users/Harry/maven/maven_repo/com/thoughtworks/xstream/xstream/1.4.10/xstream-1.4.10.jar:/Users/Harry/maven/maven_repo/xmlpull/xmlpull/1.1.3.1/xmlpull-1.1.3.1.jar:/Users/Harry/maven/maven_repo/xpp3/xpp3_min/1.1.4c/xpp3_min-1.1.4c.jar:/Users/Harry/maven/maven_repo/org/projectlombok/lombok/1.18.2/lombok-1.18.2.jar:, user.name=lianshang, java.vm.specification.version=1.8, sun.java.command=/Users/lianshang/Documents/springcloud/cloudServer/target/surefire/surefirebooter8242031670184897051.jar /Users/lianshang/Documents/springcloud/cloudServer/target/surefire 2018-10-22T18-59-35_561-jvmRun1 surefire1847276792842292032tmp surefire_01505635795783884741tmp, java.home=/Library/Java/JavaVirtualMachines/jdk1.8.0_144.jdk/Contents/Home/jre, sun.arch.data.model=64, user.language=zh, java.specification.vendor=Oracle Corporation, awt.toolkit=sun.lwawt.macosx.LWCToolkit, java.vm.info=mixed mode, java.version=1.8.0_144, java.ext.dirs=/Users/lianshang/Library/Java/Extensions:/Library/Java/JavaVirtualMachines/jdk1.8.0_144.jdk/Contents/Home/jre/lib/ext:/Library/Java/Extensions:/Network/Library/Java/Extensions:/System/Library/Java/Extensions:/usr/lib/java, sun.boot.class.path=/Library/Java/JavaVirtualMachines/jdk1.8.0_144.jdk/Contents/Home/jre/lib/resources.jar:/Library/Java/JavaVirtualMachines/jdk1.8.0_144.jdk/Contents/Home/jre/lib/rt.jar:/Library/Java/JavaVirtualMachines/jdk1.8.0_144.jdk/Contents/Home/jre/lib/sunrsasign.jar:/Library/Java/JavaVirtualMachines/jdk1.8.0_144.jdk/Contents/Home/jre/lib/jsse.jar:/Library/Java/JavaVirtualMachines/jdk1.8.0_144.jdk/Contents/Home/jre/lib/jce.jar:/Library/Java/JavaVirtualMachines/jdk1.8.0_144.jdk/Contents/Home/jre/lib/charsets.jar:/Library/Java/JavaVirtualMachines/jdk1.8.0_144.jdk/Contents/Home/jre/lib/jfr.jar:/Library/Java/JavaVirtualMachines/jdk1.8.0_144.jdk/Contents/Home/jre/classes, http.proxyHost=127.0.0.1, java.vendor=Oracle Corporation, localRepository=/Users/Harry/maven/maven_repo, file.separator=/, java.vendor.url.bug=http://bugreport.sun.com/bugreport/, sun.io.unicode.encoding=UnicodeBig, sun.cpu.endian=little, https.proxyPort=58470, sun.cpu.isalist=}}, SystemEnvironmentPropertySource@827084938 {name='systemEnvironment', properties={PATH=/Library/Java/JavaVirtualMachines/jdk1.8.0_144.jdk/Contents/Home/bin:/usr/local/bin:/usr/bin:/bin:/usr/sbin:/sbin:/usr/local/maven/apache-maven/bin, JAVA_HOME=/Library/Java/JavaVirtualMachines/jdk1.8.0_144.jdk/Contents/Home, TERM=xterm-256color, COMMAND_MODE=unix2003, LOGNAME=lianshang, XPC_SERVICE_NAME=0, PWD=/Users/lianshang/Documents/springcloud/cloudServer, MAVEN_CMD_LINE_ARGS= install, _=/Library/Java/JavaVirtualMachines/jdk1.8.0_144.jdk/Contents/Home/jre/bin/java, SHELL=/bin/bash, JAVA_MAIN_CLASS_6762=org.apache.maven.surefire.booter.ForkedBooter, MAVEN_PROJECTBASEDIR=/Users/lianshang/Documents/springcloud/cloudServer, OLDPWD=/Users/lianshang/Documents/springcloud/cloudServer, SECURITYSESSIONID=186a7, USER=lianshang, CLASSPATH=/Library/Java/JavaVirtualMachines/jdk1.8.0_144.jdk/Contents/Home/lib/tools.jar:/Library/Java/JavaVirtualMachines/jdk1.8.0_144.jdk/Contents/Home/lib/dt.jar:., TMPDIR=/var/folders/m_/vc7l1n451b57m_6wwp10fpsw0000gn/T/, SSH_AUTH_SOCK=/private/tmp/com.apple.launchd.2x1vnprdKB/Listeners, XPC_FLAGS=0x0, M2_HOME=/usr/local/maven/apache-maven, __CF_USER_TEXT_ENCODING=0x1F5:0x19:0x34, Apple_PubSub_Socket_Render=/private/tmp/com.apple.launchd.VpXFMRguDO/Render, LC_CTYPE=zh_CN.UTF-8, HOME=/Users/lianshang, SHLVL=2, JAVA_MAIN_CLASS_6748=org.codehaus.plexus.classworlds.launcher.Launcher}}]
18:59:41.563 [main] DEBUG org.springframework.core.io.support.PathMatchingResourcePatternResolver - Resolved classpath location [com/springCloud/study/registerCenter/] to resources [URL [file:/Users/lianshang/Documents/springcloud/cloudServer/target/test-classes/com/springCloud/study/registerCenter/]]
18:59:41.565 [main] DEBUG org.springframework.core.io.support.PathMatchingResourcePatternResolver - Looking for matching resources in directory tree [/Users/lianshang/Documents/springcloud/cloudServer/target/test-classes/com/springCloud/study/registerCenter]
18:59:41.566 [main] DEBUG org.springframework.core.io.support.PathMatchingResourcePatternResolver - Searching directory [/Users/lianshang/Documents/springcloud/cloudServer/target/test-classes/com/springCloud/study/registerCenter] for files matching pattern [/Users/lianshang/Documents/springcloud/cloudServer/target/test-classes/com/springCloud/study/registerCenter/*.class]
18:59:41.581 [main] DEBUG org.springframework.core.io.support.PathMatchingResourcePatternResolver - Resolved location pattern [classpath*:com/springCloud/study/registerCenter/*.class] to resources [file [/Users/lianshang/Documents/springcloud/cloudServer/target/test-classes/com/springCloud/study/registerCenter/RegisterCenterApplicationTests.class]]
18:59:41.642 [main] DEBUG org.springframework.core.io.support.PathMatchingResourcePatternResolver - Resolved classpath location [com/springCloud/study/] to resources [URL [file:/Users/lianshang/Documents/springcloud/cloudServer/target/test-classes/com/springCloud/study/]]
18:59:41.642 [main] DEBUG org.springframework.core.io.support.PathMatchingResourcePatternResolver - Looking for matching resources in directory tree [/Users/lianshang/Documents/springcloud/cloudServer/target/test-classes/com/springCloud/study]
18:59:41.642 [main] DEBUG org.springframework.core.io.support.PathMatchingResourcePatternResolver - Searching directory [/Users/lianshang/Documents/springcloud/cloudServer/target/test-classes/com/springCloud/study] for files matching pattern [/Users/lianshang/Documents/springcloud/cloudServer/target/test-classes/com/springCloud/study/*.class]
18:59:41.643 [main] DEBUG org.springframework.core.io.support.PathMatchingResourcePatternResolver - Resolved location pattern [classpath*:com/springCloud/study/*.class] to resources []
18:59:41.644 [main] DEBUG org.springframework.core.io.support.PathMatchingResourcePatternResolver - Resolved classpath location [com/springCloud/] to resources [URL [file:/Users/lianshang/Documents/springcloud/cloudServer/target/test-classes/com/springCloud/], URL [file:/Users/lianshang/Documents/springcloud/cloudServer/target/classes/com/springCloud/]]
18:59:41.644 [main] DEBUG org.springframework.core.io.support.PathMatchingResourcePatternResolver - Looking for matching resources in directory tree [/Users/lianshang/Documents/springcloud/cloudServer/target/test-classes/com/springCloud]
18:59:41.645 [main] DEBUG org.springframework.core.io.support.PathMatchingResourcePatternResolver - Searching directory [/Users/lianshang/Documents/springcloud/cloudServer/target/test-classes/com/springCloud] for files matching pattern [/Users/lianshang/Documents/springcloud/cloudServer/target/test-classes/com/springCloud/*.class]
18:59:41.646 [main] DEBUG org.springframework.core.io.support.PathMatchingResourcePatternResolver - Looking for matching resources in directory tree [/Users/lianshang/Documents/springcloud/cloudServer/target/classes/com/springCloud]
18:59:41.646 [main] DEBUG org.springframework.core.io.support.PathMatchingResourcePatternResolver - Searching directory [/Users/lianshang/Documents/springcloud/cloudServer/target/classes/com/springCloud] for files matching pattern [/Users/lianshang/Documents/springcloud/cloudServer/target/classes/com/springCloud/*.class]
18:59:41.647 [main] DEBUG org.springframework.core.io.support.PathMatchingResourcePatternResolver - Resolved location pattern [classpath*:com/springCloud/*.class] to resources []
18:59:41.649 [main] DEBUG org.springframework.core.io.support.PathMatchingResourcePatternResolver - Resolved classpath location [com/] to resources [URL [jar:file:/System/Library/Java/Extensions/MRJToolkit.jar!/com/], URL [file:/Users/lianshang/Documents/springcloud/cloudServer/target/test-classes/com/], URL [file:/Users/lianshang/Documents/springcloud/cloudServer/target/classes/com/], URL [jar:file:/Users/Harry/maven/maven_repo/com/fasterxml/jackson/core/jackson-databind/2.9.7/jackson-databind-2.9.7.jar!/com/], URL [jar:file:/Users/Harry/maven/maven_repo/com/fasterxml/jackson/datatype/jackson-datatype-jdk8/2.9.7/jackson-datatype-jdk8-2.9.7.jar!/com/], URL [jar:file:/Users/Harry/maven/maven_repo/com/fasterxml/jackson/datatype/jackson-datatype-jsr310/2.9.7/jackson-datatype-jsr310-2.9.7.jar!/com/], URL [jar:file:/Users/Harry/maven/maven_repo/com/fasterxml/jackson/module/jackson-module-parameter-names/2.9.7/jackson-module-parameter-names-2.9.7.jar!/com/], URL [jar:file:/Users/Harry/maven/maven_repo/com/fasterxml/classmate/1.3.4/classmate-1.3.4.jar!/com/], URL [jar:file:/Users/Harry/maven/maven_repo/com/jayway/jsonpath/json-path/2.4.0/json-path-2.4.0.jar!/com/], URL [jar:file:/Users/Harry/maven/maven_repo/com/netflix/eureka/eureka-client/1.9.2/eureka-client-1.9.2.jar!/com/], URL [jar:file:/Users/Harry/maven/maven_repo/com/netflix/netflix-commons/netflix-eventbus/0.3.0/netflix-eventbus-0.3.0.jar!/com/], URL [jar:file:/Users/Harry/maven/maven_repo/com/netflix/netflix-commons/netflix-infix/0.3.0/netflix-infix-0.3.0.jar!/com/], URL [jar:file:/Users/Harry/maven/maven_repo/com/google/code/gson/gson/2.8.5/gson-2.8.5.jar!/com/], URL [jar:file:/Users/Harry/maven/maven_repo/com/netflix/archaius/archaius-core/0.7.6/archaius-core-0.7.6.jar!/com/], URL [jar:file:/Users/Harry/maven/maven_repo/com/google/guava/guava/16.0/guava-16.0.jar!/com/], URL [jar:file:/Users/Harry/maven/maven_repo/com/netflix/servo/servo-core/0.12.21/servo-core-0.12.21.jar!/com/], URL [jar:file:/Users/Harry/maven/maven_repo/com/sun/jersey/jersey-core/1.19.1/jersey-core-1.19.1.jar!/com/], URL [jar:file:/Users/Harry/maven/maven_repo/com/sun/jersey/jersey-client/1.19.1/jersey-client-1.19.1.jar!/com/], URL [jar:file:/Users/Harry/maven/maven_repo/com/sun/jersey/contribs/jersey-apache-client4/1.19.1/jersey-apache-client4-1.19.1.jar!/com/], URL [jar:file:/Users/Harry/maven/maven_repo/com/google/inject/guice/4.1.0/guice-4.1.0.jar!/com/], URL [jar:file:/Users/Harry/maven/maven_repo/com/github/andrewoma/dexx/dexx-collections/0.2/dexx-collections-0.2.jar!/com/], URL [jar:file:/Users/Harry/maven/maven_repo/com/fasterxml/jackson/core/jackson-annotations/2.9.0/jackson-annotations-2.9.0.jar!/com/], URL [jar:file:/Users/Harry/maven/maven_repo/com/fasterxml/jackson/core/jackson-core/2.9.7/jackson-core-2.9.7.jar!/com/], URL [jar:file:/Users/Harry/maven/maven_repo/com/netflix/eureka/eureka-core/1.9.2/eureka-core-1.9.2.jar!/com/], URL [jar:file:/Users/Harry/maven/maven_repo/org/codehaus/woodstox/woodstox-core-asl/4.4.1/woodstox-core-asl-4.4.1.jar!/com/], URL [jar:file:/Users/Harry/maven/maven_repo/com/netflix/ribbon/ribbon/2.2.5/ribbon-2.2.5.jar!/com/], URL [jar:file:/Users/Harry/maven/maven_repo/com/netflix/ribbon/ribbon-transport/2.2.5/ribbon-transport-2.2.5.jar!/com/], URL [jar:file:/Users/Harry/maven/maven_repo/io/reactivex/rxnetty-contexts/0.4.9/rxnetty-contexts-0.4.9.jar!/com/], URL [jar:file:/Users/Harry/maven/maven_repo/com/netflix/hystrix/hystrix-core/1.5.12/hystrix-core-1.5.12.jar!/com/], URL [jar:file:/Users/Harry/maven/maven_repo/com/netflix/ribbon/ribbon-core/2.2.5/ribbon-core-2.2.5.jar!/com/], URL [jar:file:/Users/Harry/maven/maven_repo/com/netflix/ribbon/ribbon-httpclient/2.2.5/ribbon-httpclient-2.2.5.jar!/com/], URL [jar:file:/Users/Harry/maven/maven_repo/com/netflix/netflix-commons/netflix-commons-util/0.3.0/netflix-commons-util-0.3.0.jar!/com/], URL [jar:file:/Users/Harry/maven/maven_repo/com/netflix/ribbon/ribbon-loadbalancer/2.2.5/ribbon-loadbalancer-2.2.5.jar!/com/], URL [jar:file:/Users/Harry/maven/maven_repo/com/netflix/netflix-commons/netflix-statistics/0.1.1/netflix-statistics-0.1.1.jar!/com/], URL [jar:file:/Users/Harry/maven/maven_repo/com/netflix/ribbon/ribbon-eureka/2.2.5/ribbon-eureka-2.2.5.jar!/com/], URL [jar:file:/Users/Harry/maven/maven_repo/com/thoughtworks/xstream/xstream/1.4.10/xstream-1.4.10.jar!/com/], URL [jar:file:/Users/Harry/maven/maven_repo/org/projectlombok/lombok/1.18.2/lombok-1.18.2.jar!/com/]]
18:59:41.651 [main] DEBUG org.springframework.core.io.support.PathMatchingResourcePatternResolver - Looking for matching resources in jar file [file:/System/Library/Java/Extensions/MRJToolkit.jar]
18:59:41.652 [main] DEBUG org.springframework.core.io.support.PathMatchingResourcePatternResolver - Looking for matching resources in directory tree [/Users/lianshang/Documents/springcloud/cloudServer/target/test-classes/com]
18:59:41.654 [main] DEBUG org.springframework.core.io.support.PathMatchingResourcePatternResolver - Searching directory [/Users/lianshang/Documents/springcloud/cloudServer/target/test-classes/com] for files matching pattern [/Users/lianshang/Documents/springcloud/cloudServer/target/test-classes/com/*.class]
18:59:41.655 [main] DEBUG org.springframework.core.io.support.PathMatchingResourcePatternResolver - Looking for matching resources in directory tree [/Users/lianshang/Documents/springcloud/cloudServer/target/classes/com]
18:59:41.656 [main] DEBUG org.springframework.core.io.support.PathMatchingResourcePatternResolver - Searching directory [/Users/lianshang/Documents/springcloud/cloudServer/target/classes/com] for files matching pattern [/Users/lianshang/Documents/springcloud/cloudServer/target/classes/com/*.class]
18:59:41.658 [main] DEBUG org.springframework.core.io.support.PathMatchingResourcePatternResolver - Looking for matching resources in jar file [file:/Users/Harry/maven/maven_repo/com/fasterxml/jackson/core/jackson-databind/2.9.7/jackson-databind-2.9.7.jar]
18:59:41.680 [main] DEBUG org.springframework.core.io.support.PathMatchingResourcePatternResolver - Looking for matching resources in jar file [file:/Users/Harry/maven/maven_repo/com/fasterxml/jackson/datatype/jackson-datatype-jdk8/2.9.7/jackson-datatype-jdk8-2.9.7.jar]
18:59:41.682 [main] DEBUG org.springframework.core.io.support.PathMatchingResourcePatternResolver - Looking for matching resources in jar file [file:/Users/Harry/maven/maven_repo/com/fasterxml/jackson/datatype/jackson-datatype-jsr310/2.9.7/jackson-datatype-jsr310-2.9.7.jar]
18:59:41.685 [main] DEBUG org.springframework.core.io.support.PathMatchingResourcePatternResolver - Looking for matching resources in jar file [file:/Users/Harry/maven/maven_repo/com/fasterxml/jackson/module/jackson-module-parameter-names/2.9.7/jackson-module-parameter-names-2.9.7.jar]
18:59:41.687 [main] DEBUG org.springframework.core.io.support.PathMatchingResourcePatternResolver - Looking for matching resources in jar file [file:/Users/Harry/maven/maven_repo/com/fasterxml/classmate/1.3.4/classmate-1.3.4.jar]
18:59:41.688 [main] DEBUG org.springframework.core.io.support.PathMatchingResourcePatternResolver - Looking for matching resources in jar file [file:/Users/Harry/maven/maven_repo/com/jayway/jsonpath/json-path/2.4.0/json-path-2.4.0.jar]
18:59:41.690 [main] DEBUG org.springframework.core.io.support.PathMatchingResourcePatternResolver - Looking for matching resources in jar file [file:/Users/Harry/maven/maven_repo/com/netflix/eureka/eureka-client/1.9.2/eureka-client-1.9.2.jar]
18:59:41.692 [main] DEBUG org.springframework.core.io.support.PathMatchingResourcePatternResolver - Looking for matching resources in jar file [file:/Users/Harry/maven/maven_repo/com/netflix/netflix-commons/netflix-eventbus/0.3.0/netflix-eventbus-0.3.0.jar]
18:59:41.709 [main] DEBUG org.springframework.core.io.support.PathMatchingResourcePatternResolver - Looking for matching resources in jar file [file:/Users/Harry/maven/maven_repo/com/netflix/netflix-commons/netflix-infix/0.3.0/netflix-infix-0.3.0.jar]
18:59:41.715 [main] DEBUG org.springframework.core.io.support.PathMatchingResourcePatternResolver - Looking for matching resources in jar file [file:/Users/Harry/maven/maven_repo/com/google/code/gson/gson/2.8.5/gson-2.8.5.jar]
18:59:41.718 [main] DEBUG org.springframework.core.io.support.PathMatchingResourcePatternResolver - Looking for matching resources in jar file [file:/Users/Harry/maven/maven_repo/com/netflix/archaius/archaius-core/0.7.6/archaius-core-0.7.6.jar]
18:59:41.719 [main] DEBUG org.springframework.core.io.support.PathMatchingResourcePatternResolver - Looking for matching resources in jar file [file:/Users/Harry/maven/maven_repo/com/google/guava/guava/16.0/guava-16.0.jar]
18:59:41.737 [main] DEBUG org.springframework.core.io.support.PathMatchingResourcePatternResolver - Looking for matching resources in jar file [file:/Users/Harry/maven/maven_repo/com/netflix/servo/servo-core/0.12.21/servo-core-0.12.21.jar]
18:59:41.740 [main] DEBUG org.springframework.core.io.support.PathMatchingResourcePatternResolver - Looking for matching resources in jar file [file:/Users/Harry/maven/maven_repo/com/sun/jersey/jersey-core/1.19.1/jersey-core-1.19.1.jar]
18:59:41.743 [main] DEBUG org.springframework.core.io.support.PathMatchingResourcePatternResolver - Looking for matching resources in jar file [file:/Users/Harry/maven/maven_repo/com/sun/jersey/jersey-client/1.19.1/jersey-client-1.19.1.jar]
18:59:41.744 [main] DEBUG org.springframework.core.io.support.PathMatchingResourcePatternResolver - Looking for matching resources in jar file [file:/Users/Harry/maven/maven_repo/com/sun/jersey/contribs/jersey-apache-client4/1.19.1/jersey-apache-client4-1.19.1.jar]
18:59:41.745 [main] DEBUG org.springframework.core.io.support.PathMatchingResourcePatternResolver - Looking for matching resources in jar file [file:/Users/Harry/maven/maven_repo/com/google/inject/guice/4.1.0/guice-4.1.0.jar]
18:59:41.750 [main] DEBUG org.springframework.core.io.support.PathMatchingResourcePatternResolver - Looking for matching resources in jar file [file:/Users/Harry/maven/maven_repo/com/github/andrewoma/dexx/dexx-collections/0.2/dexx-collections-0.2.jar]
18:59:41.751 [main] DEBUG org.springframework.core.io.support.PathMatchingResourcePatternResolver - Looking for matching resources in jar file [file:/Users/Harry/maven/maven_repo/com/fasterxml/jackson/core/jackson-annotations/2.9.0/jackson-annotations-2.9.0.jar]
18:59:41.751 [main] DEBUG org.springframework.core.io.support.PathMatchingResourcePatternResolver - Looking for matching resources in jar file [file:/Users/Harry/maven/maven_repo/com/fasterxml/jackson/core/jackson-core/2.9.7/jackson-core-2.9.7.jar]
18:59:41.752 [main] DEBUG org.springframework.core.io.support.PathMatchingResourcePatternResolver - Looking for matching resources in jar file [file:/Users/Harry/maven/maven_repo/com/netflix/eureka/eureka-core/1.9.2/eureka-core-1.9.2.jar]
18:59:41.753 [main] DEBUG org.springframework.core.io.support.PathMatchingResourcePatternResolver - Looking for matching resources in jar file [file:/Users/Harry/maven/maven_repo/org/codehaus/woodstox/woodstox-core-asl/4.4.1/woodstox-core-asl-4.4.1.jar]
18:59:41.757 [main] DEBUG org.springframework.core.io.support.PathMatchingResourcePatternResolver - Looking for matching resources in jar file [file:/Users/Harry/maven/maven_repo/com/netflix/ribbon/ribbon/2.2.5/ribbon-2.2.5.jar]
18:59:41.758 [main] DEBUG org.springframework.core.io.support.PathMatchingResourcePatternResolver - Looking for matching resources in jar file [file:/Users/Harry/maven/maven_repo/com/netflix/ribbon/ribbon-transport/2.2.5/ribbon-transport-2.2.5.jar]
18:59:41.763 [main] DEBUG org.springframework.core.io.support.PathMatchingResourcePatternResolver - Looking for matching resources in jar file [file:/Users/Harry/maven/maven_repo/io/reactivex/rxnetty-contexts/0.4.9/rxnetty-contexts-0.4.9.jar]
18:59:41.764 [main] DEBUG org.springframework.core.io.support.PathMatchingResourcePatternResolver - Looking for matching resources in jar file [file:/Users/Harry/maven/maven_repo/com/netflix/hystrix/hystrix-core/1.5.12/hystrix-core-1.5.12.jar]
18:59:41.773 [main] DEBUG org.springframework.core.io.support.PathMatchingResourcePatternResolver - Looking for matching resources in jar file [file:/Users/Harry/maven/maven_repo/com/netflix/ribbon/ribbon-core/2.2.5/ribbon-core-2.2.5.jar]
18:59:41.774 [main] DEBUG org.springframework.core.io.support.PathMatchingResourcePatternResolver - Looking for matching resources in jar file [file:/Users/Harry/maven/maven_repo/com/netflix/ribbon/ribbon-httpclient/2.2.5/ribbon-httpclient-2.2.5.jar]
18:59:41.775 [main] DEBUG org.springframework.core.io.support.PathMatchingResourcePatternResolver - Looking for matching resources in jar file [file:/Users/Harry/maven/maven_repo/com/netflix/netflix-commons/netflix-commons-util/0.3.0/netflix-commons-util-0.3.0.jar]
18:59:41.790 [main] DEBUG org.springframework.core.io.support.PathMatchingResourcePatternResolver - Looking for matching resources in jar file [file:/Users/Harry/maven/maven_repo/com/netflix/ribbon/ribbon-loadbalancer/2.2.5/ribbon-loadbalancer-2.2.5.jar]
18:59:41.799 [main] DEBUG org.springframework.core.io.support.PathMatchingResourcePatternResolver - Looking for matching resources in jar file [file:/Users/Harry/maven/maven_repo/com/netflix/netflix-commons/netflix-statistics/0.1.1/netflix-statistics-0.1.1.jar]
18:59:41.801 [main] DEBUG org.springframework.core.io.support.PathMatchingResourcePatternResolver - Looking for matching resources in jar file [file:/Users/Harry/maven/maven_repo/com/netflix/ribbon/ribbon-eureka/2.2.5/ribbon-eureka-2.2.5.jar]
18:59:41.802 [main] DEBUG org.springframework.core.io.support.PathMatchingResourcePatternResolver - Looking for matching resources in jar file [file:/Users/Harry/maven/maven_repo/com/thoughtworks/xstream/xstream/1.4.10/xstream-1.4.10.jar]
18:59:41.822 [main] DEBUG org.springframework.core.io.support.PathMatchingResourcePatternResolver - Looking for matching resources in jar file [file:/Users/Harry/maven/maven_repo/org/projectlombok/lombok/1.18.2/lombok-1.18.2.jar]
18:59:41.824 [main] DEBUG org.springframework.core.io.support.PathMatchingResourcePatternResolver - Resolved location pattern [classpath*:com/*.class] to resources []
]]></system-out>
  </testcase>
</testsuite>